\BOOKMARK [1][-]{section.1}{\376\377\000I\000n\000t\000r\000o\000d\000u\000c\000t\000i\000o\000n}{}% 1
\BOOKMARK [1][-]{section.2}{\376\377\000E\000x\000p\000l\000i\000c\000a\000t\000i\000o\000n\000\040\000d\000e\000s\000\040\000p\000r\000o\000j\000e\000t\000s}{}% 2
\BOOKMARK [2][-]{subsection.2.1}{\376\377\000D\000o\000c\000u\000m\000e\000n\000t\000a\000t\000i\000o\000n\000\040\000s\000u\000r\000\040\000l\000e\000\040\000s\000u\000j\000e\000t}{section.2}% 3
\BOOKMARK [2][-]{subsection.2.2}{\376\377\000I\000d\000e\000n\000t\000i\000f\000i\000a\000c\000a\000t\000i\000o\000n\000\040\000d\000e\000s\000\040\000s\000o\000u\000r\000c\000e\000s\000\040\000d\000e\000s\000\040\000d\000o\000n\000n\000\351\000e\000s}{section.2}% 4
\BOOKMARK [2][-]{subsection.2.3}{\376\377\000C\000o\000l\000l\000e\000c\000t\000e\000\040\000d\000e\000s\000\040\000d\000o\000n\000n\000\351\000e\000s}{section.2}% 5
\BOOKMARK [2][-]{subsection.2.4}{\376\377\000C\000r\000\351\000a\000t\000i\000o\000n\000\040\000d\000'\000u\000n\000e\000\040\000l\000i\000b\000r\000a\000i\000r\000i\000e\000\040\000p\000o\000u\000r\000\040\000e\000x\000p\000l\000o\000r\000e\000r\000\040\000l\000e\000s\000\040\000d\000o\000n\000n\000\351\000e\000s}{section.2}% 6
\BOOKMARK [2][-]{subsection.2.5}{\376\377\000P\000r\000\351\000p\000a\000r\000a\000t\000i\000o\000n\000/\000N\000e\000t\000t\000o\000y\000a\000g\000e\000\040\000d\000e\000\040\000b\000a\000s\000e\000\040\000d\000e\000\040\000d\000o\000n\000n\000\351\000e\000s\000\040}{section.2}% 7
\BOOKMARK [2][-]{subsection.2.6}{\376\377\000C\000r\000\351\000a\000t\000i\000o\000n\000\040\000d\000'\000i\000n\000d\000i\000c\000a\000t\000e\000u\000r\000s}{section.2}% 8
\BOOKMARK [2][-]{subsection.2.7}{\376\377\000R\000e\000s\000c\000t\000u\000r\000a\000t\000i\000o\000n\000\040\000d\000e\000s\000\040\000d\000o\000n\000n\000\351\000e\000s}{section.2}% 9
\BOOKMARK [2][-]{subsection.2.8}{\376\377\000C\000r\000\351\000a\000t\000i\000o\000n\000\040\000d\000e\000\040\000g\000r\000a\000p\000h\000i\000q\000u\000e}{section.2}% 10
\BOOKMARK [2][-]{subsection.2.9}{\376\377\000P\000r\000o\000c\000e\000s\000s\000u\000s\000\040\000d\000'\000a\000u\000t\000o\000m\000a\000t\000i\000s\000a\000t\000i\000o\000n\000\040\000d\000e\000\040\000l\000'\000\351\000t\000u\000d\000e\000\040\000q\000u\000i\000\040\000a\000\040\000\351\000t\000\351\000\040\000p\000r\000o\000p\000o\000s\000e\000r}{section.2}% 11
\BOOKMARK [3][-]{subsubsection.2.9.1}{\376\377\000S\000e\000g\000e\000m\000e\000n\000t\000a\000t\000i\000o\000n\000\040\000d\000e\000s\000\040\000d\000i\000f\000f\000\351\000r\000e\000n\000t\000e\000s\000\040\000\351\000t\000a\000p\000e\000s\000\040\000d\000e\000\040\000l\000'\000\351\000t\000u\000d\000e}{subsection.2.9}% 12
\BOOKMARK [3][-]{subsubsection.2.9.2}{\376\377\000E\000t\000a\000p\000e\000\040\0001}{subsection.2.9}% 13
\BOOKMARK [3][-]{subsubsection.2.9.3}{\376\377\000E\000t\000a\000p\000e\000\040\0002}{subsection.2.9}% 14
\BOOKMARK [3][-]{subsubsection.2.9.4}{\376\377\000F\000l\000u\000x\000\040\000d\000e\000s\000\040\000d\000o\000n\000n\000\351\000e\000s\000\040\000e\000t\000\040\000s\000c\000r\000i\000p\000t\000\040\000d\000u\000\040\000p\000r\000o\000c\000e\000s\000s\000u\000s\000\040\000d\000'\000a\000u\000t\000o\000m\000a\000t\000i\000s\000a\000t\000i\000o\000n}{subsection.2.9}% 15
\BOOKMARK [3][-]{subsubsection.2.9.5}{\376\377\000D\000\351\000t\000a\000i\000l\000\040\000s\000u\000p\000p\000l\000\351\000m\000e\000n\000t\000a\000i\000r\000e\000\040\000s\000u\000r\000\040\000l\000e\000\040\000f\000o\000n\000c\000t\000i\000o\000n\000e\000m\000e\000n\000t\000\040\000d\000u\000\040\000p\000r\000o\000c\000e\000s\000s\000u\000s\000\040\000d\000'\000a\000u\000t\000o\000m\000a\000t\000i\000s\000a\000t\000i\000o\000n}{subsection.2.9}% 16
\BOOKMARK [2][-]{subsection.2.10}{\376\377\000C\000r\000\351\000a\000t\000i\000o\000n\000\040\000d\000'\000u\000n\000e\000\040\000l\000i\000b\000r\000a\000i\000r\000i\000e\000\040\000p\000o\000u\000r\000\040\000a\000l\000i\000m\000e\000n\000t\000e\000r\000\040\000u\000n\000e\000\040\000b\000a\000s\000e\000\040\000d\000e\000\040\000d\000o\000n\000n\000\351\000e\000s\000\040\000m\000y\000S\000Q\000L}{section.2}% 17
\BOOKMARK [3][-]{subsubsection.2.10.1}{\376\377\000I\000n\000t\000\351\000g\000r\000a\000t\000i\000o\000n\000\040\000d\000e\000\040\000s\000e\000s\000s\000i\000o\000n\000\040\000p\000o\000u\000r\000\040\000a\000p\000p\000o\000r\000t\000e\000r\000\040\000d\000e\000s\000\040\000m\000o\000d\000i\000f\000i\000c\000a\000t\000i\000o\000n\000s}{subsection.2.10}% 18
\BOOKMARK [3][-]{subsubsection.2.10.2}{\376\377\000U\000t\000i\000l\000i\000s\000a\000t\000i\000o\000n\000\040\000d\000e\000\040\000m\000o\000d\000\350\000l\000e\000\040\000p\000o\000u\000r\000\040\000s\000\351\000c\000u\000r\000i\000s\000r\000\040\000l\000'\000a\000l\000i\000m\000e\000n\000t\000a\000t\000i\000o\000n\000\040\000d\000e\000s\000\040\000d\000o\000n\000n\000\351\000e\000s}{subsection.2.10}% 19
\BOOKMARK [3][-]{subsubsection.2.10.3}{\376\377\000C\000o\000n\000n\000e\000x\000i\000o\000n\000\040\000a\000u\000x\000\040\000b\000a\000s\000e\000s\000\040\000d\000e\000\040\000d\000o\000n\000n\000\351\000e\000s}{subsection.2.10}% 20
\BOOKMARK [2][-]{subsection.2.11}{\376\377\000C\000r\000\351\000a\000t\000i\000o\000n\000\040\000d\000'\000u\000n\000\040\000e\000n\000v\000i\000r\000o\000n\000e\000m\000e\000n\000t\000\040\000d\000e\000\040\000t\000r\000a\000v\000a\000i\000l}{section.2}% 21
\BOOKMARK [1][-]{section.3}{\376\377\000C\000o\000n\000c\000l\000u\000s\000i\000o\000n\000\040\000e\000t\000\040\000a\000v\000i\000s\000\040\000s\000u\000r\000\040\000l\000e\000\040\000s\000t\000a\000g\000e}{}% 22
\BOOKMARK [1][-]{section.4}{\376\377\000b\000i\000b\000l\000i\000o\000g\000r\000a\000p\000h\000i\000e}{}% 23
